<?xml version="1.0" encoding="UTF-8"?>
<testng-results skipped="0" failed="0" total="1" passed="1">
  <reporter-output>
  </reporter-output>
  <suite name="Default suite" duration-ms="8466" started-at="2016-12-02T14:57:39Z" finished-at="2016-12-02T14:57:47Z">
    <groups>
    </groups>
    <test name="Default test" duration-ms="8466" started-at="2016-12-02T14:57:39Z" finished-at="2016-12-02T14:57:47Z">
      <class name="test.TestRegistration">
        <test-method status="PASS" signature="setUp()[pri:0, instance:test.TestRegistration@1efbd816]" name="setUp" is-config="true" duration-ms="4892" started-at="2016-12-02T15:57:39Z" finished-at="2016-12-02T15:57:44Z">
          <reporter-output>
          </reporter-output>
        </test-method> <!-- setUp -->
        <test-method status="PASS" signature="test()[pri:0, instance:test.TestRegistration@1efbd816]" name="test" duration-ms="3476" started-at="2016-12-02T15:57:44Z" finished-at="2016-12-02T15:57:47Z">
          <reporter-output>
          </reporter-output>
        </test-method> <!-- test -->
        <test-method status="PASS" signature="afterClass()[pri:0, instance:test.TestRegistration@1efbd816]" name="afterClass" is-config="true" duration-ms="81" started-at="2016-12-02T15:57:47Z" finished-at="2016-12-02T15:57:47Z">
          <reporter-output>
          </reporter-output>
        </test-method> <!-- afterClass -->
      </class> <!-- test.TestRegistration -->
    </test> <!-- Default test -->
  </suite> <!-- Default suite -->
</testng-results>
